[0.015s] Invoking command in '/home/justin/ros2_ws/src/unmanned_systems_ros2_pkg/build/unmanned_systems_ros2_pkg': CMAKE_PREFIX_PATH=/opt/ros/foxy:${CMAKE_PREFIX_PATH} /usr/bin/cmake /home/justin/ros2_ws/src/unmanned_systems_ros2_pkg/unmanned_systems_ros2_pkg -DCMAKE_INSTALL_PREFIX=/home/justin/ros2_ws/src/unmanned_systems_ros2_pkg/install/unmanned_systems_ros2_pkg
[0.181s] -- The C compiler identification is GNU 9.4.0
[0.429s] -- The CXX compiler identification is GNU 9.4.0
[0.570s] -- Check for working C compiler: /usr/lib/ccache/cc
[0.710s] -- Check for working C compiler: /usr/lib/ccache/cc -- works
[0.711s] -- Detecting C compiler ABI info
[0.833s] -- Detecting C compiler ABI info - done
[0.840s] -- Detecting C compile features
[0.840s] -- Detecting C compile features - done
[0.842s] -- Check for working CXX compiler: /usr/lib/ccache/c++
[0.988s] -- Check for working CXX compiler: /usr/lib/ccache/c++ -- works
[0.988s] -- Detecting CXX compiler ABI info
[1.124s] -- Detecting CXX compiler ABI info - done
[1.132s] -- Detecting CXX compile features
[1.132s] -- Detecting CXX compile features - done
[1.134s] -- Found ament_cmake: 0.9.9 (/opt/ros/foxy/share/ament_cmake/cmake)
[1.153s] -- Found PythonInterp: /usr/bin/python3 (found suitable version "3.8.10", minimum required is "3") 
[1.153s] -- Using PYTHON_EXECUTABLE: /usr/bin/python3
[1.318s] -- Found rclcpp: 2.4.1 (/opt/ros/foxy/share/rclcpp/cmake)
[1.486s] -- Using all available rosidl_typesupport_c: rosidl_typesupport_fastrtps_c;rosidl_typesupport_introspection_c
[1.490s] -- Found rosidl_adapter: 1.2.1 (/opt/ros/foxy/share/rosidl_adapter/cmake)
[2.742s] -- Found OpenSSL: /usr/lib/x86_64-linux-gnu/libcrypto.so (found version "1.1.1f")  
[3.957s] -- Found FastRTPS: /opt/ros/foxy/include  
[6.150s] -- Using all available rosidl_typesupport_cpp: rosidl_typesupport_fastrtps_cpp;rosidl_typesupport_introspection_cpp
[6.190s] -- Found rmw_implementation_cmake: 1.0.3 (/opt/ros/foxy/share/rmw_implementation_cmake/cmake)
[6.191s] -- Using RMW implementation 'rmw_fastrtps_cpp' as default
[6.193s] -- Looking for pthread.h
[6.337s] -- Looking for pthread.h - found
[6.337s] -- Performing Test CMAKE_HAVE_LIBC_PTHREAD
[6.484s] -- Performing Test CMAKE_HAVE_LIBC_PTHREAD - Failed
[6.484s] -- Looking for pthread_create in pthreads
[6.621s] -- Looking for pthread_create in pthreads - not found
[6.621s] -- Looking for pthread_create in pthread
[6.750s] -- Looking for pthread_create in pthread - found
[6.751s] -- Found Threads: TRUE  
[6.869s] -- Found rclpy: 1.0.8 (/opt/ros/foxy/share/rclpy/cmake)
[6.889s] CMake Error at /opt/ros/foxy/share/ament_cmake_python/cmake/ament_python_install_package.cmake:46 (message):
[6.889s]   ament_python_install_package() the Python package folder
[6.889s]   '/home/justin/ros2_ws/src/unmanned_systems_ros2_pkg/unmanned_systems_ros2_pkg/unmanned_systems_ros2_pkg'
[6.889s]   doesn't contain an '__init__.py' file
[6.889s] Call Stack (most recent call first):
[6.889s]   /opt/ros/foxy/share/ament_cmake_python/cmake/ament_python_install_package.cmake:28 (_ament_cmake_python_install_package)
[6.889s]   CMakeLists.txt:31 (ament_python_install_package)
[6.889s] 
[6.889s] 
[6.890s] -- Configuring incomplete, errors occurred!
[6.890s] See also "/home/justin/ros2_ws/src/unmanned_systems_ros2_pkg/build/unmanned_systems_ros2_pkg/CMakeFiles/CMakeOutput.log".
[6.890s] See also "/home/justin/ros2_ws/src/unmanned_systems_ros2_pkg/build/unmanned_systems_ros2_pkg/CMakeFiles/CMakeError.log".
[6.900s] Invoked command in '/home/justin/ros2_ws/src/unmanned_systems_ros2_pkg/build/unmanned_systems_ros2_pkg' returned '1': CMAKE_PREFIX_PATH=/opt/ros/foxy:${CMAKE_PREFIX_PATH} /usr/bin/cmake /home/justin/ros2_ws/src/unmanned_systems_ros2_pkg/unmanned_systems_ros2_pkg -DCMAKE_INSTALL_PREFIX=/home/justin/ros2_ws/src/unmanned_systems_ros2_pkg/install/unmanned_systems_ros2_pkg
