[0.205s] DEBUG:colcon:Command line arguments: ['/usr/bin/colcon', 'build']
[0.205s] DEBUG:colcon:Parsed command line arguments: Namespace(allow_overriding=[], ament_cmake_args=None, base_paths=['.'], build_base='build', catkin_cmake_args=None, catkin_skip_building_tests=False, cmake_args=None, cmake_clean_cache=False, cmake_clean_first=False, cmake_force_configure=False, cmake_target=None, cmake_target_skip_unavailable=False, continue_on_error=False, event_handlers=None, executor='parallel', ignore_user_meta=False, install_base='install', log_base=None, log_level=None, main=<bound method BuildVerb.main of <colcon_core.verb.build.BuildVerb object at 0x7f8506ff9100>>, merge_install=False, metas=['./colcon.meta'], packages_above=None, packages_above_and_dependencies=None, packages_above_depth=None, packages_end=None, packages_ignore=None, packages_ignore_regex=None, packages_select=None, packages_select_build_failed=False, packages_select_by_dep=None, packages_select_regex=None, packages_select_test_failures=False, packages_skip=None, packages_skip_build_finished=False, packages_skip_by_dep=None, packages_skip_regex=None, packages_skip_test_passed=False, packages_skip_up_to=None, packages_start=None, packages_up_to=None, packages_up_to_regex=None, parallel_workers=16, paths=None, symlink_install=False, test_result_base=None, verb_extension=<colcon_core.verb.build.BuildVerb object at 0x7f8506ff9100>, verb_name='build', verb_parser=<colcon_defaults.argument_parser.defaults.DefaultArgumentsDecorator object at 0x7f8506ff9580>)
[0.224s] Level 1:colcon.colcon_core.package_discovery:discover_packages(colcon_meta) check parameters
[0.224s] Level 1:colcon.colcon_core.package_discovery:discover_packages(recursive) check parameters
[0.224s] Level 1:colcon.colcon_core.package_discovery:discover_packages(ignore) check parameters
[0.224s] Level 1:colcon.colcon_core.package_discovery:discover_packages(path) check parameters
[0.224s] Level 1:colcon.colcon_core.package_discovery:discover_packages(colcon_meta) discover
[0.224s] Level 1:colcon.colcon_core.package_discovery:discover_packages(recursive) discover
[0.224s] INFO:colcon.colcon_core.package_discovery:Crawling recursively for packages in '/home/justin/ros2_ws/src/unmanned_systems_ros2_pkg'
[0.224s] Level 1:colcon.colcon_core.package_identification:_identify(.) by extensions ['ignore', 'ignore_ament_install']
[0.224s] Level 1:colcon.colcon_core.package_identification:_identify(.) by extension 'ignore'
[0.224s] Level 1:colcon.colcon_core.package_identification:_identify(.) by extension 'ignore_ament_install'
[0.224s] Level 1:colcon.colcon_core.package_identification:_identify(.) by extensions ['colcon_pkg']
[0.225s] Level 1:colcon.colcon_core.package_identification:_identify(.) by extension 'colcon_pkg'
[0.225s] Level 1:colcon.colcon_core.package_identification:_identify(.) by extensions ['colcon_meta']
[0.225s] Level 1:colcon.colcon_core.package_identification:_identify(.) by extension 'colcon_meta'
[0.225s] Level 1:colcon.colcon_core.package_identification:_identify(.) by extensions ['ros']
[0.225s] Level 1:colcon.colcon_core.package_identification:_identify(.) by extension 'ros'
[0.241s] Level 1:colcon.colcon_core.package_identification:_identify(.) by extensions ['cmake', 'python']
[0.242s] Level 1:colcon.colcon_core.package_identification:_identify(.) by extension 'cmake'
[0.242s] Level 1:colcon.colcon_core.package_identification:_identify(.) by extension 'python'
[0.242s] Level 1:colcon.colcon_core.package_identification:_identify(.) by extensions ['python_setup_py']
[0.242s] Level 1:colcon.colcon_core.package_identification:_identify(.) by extension 'python_setup_py'
[0.242s] Level 1:colcon.colcon_core.package_identification:_identify(build) by extensions ['ignore', 'ignore_ament_install']
[0.242s] Level 1:colcon.colcon_core.package_identification:_identify(build) by extension 'ignore'
[0.242s] Level 1:colcon.colcon_core.package_identification:_identify(build) ignored
[0.242s] Level 1:colcon.colcon_core.package_identification:_identify(install) by extensions ['ignore', 'ignore_ament_install']
[0.242s] Level 1:colcon.colcon_core.package_identification:_identify(install) by extension 'ignore'
[0.242s] Level 1:colcon.colcon_core.package_identification:_identify(install) ignored
[0.242s] Level 1:colcon.colcon_core.package_identification:_identify(log) by extensions ['ignore', 'ignore_ament_install']
[0.242s] Level 1:colcon.colcon_core.package_identification:_identify(log) by extension 'ignore'
[0.242s] Level 1:colcon.colcon_core.package_identification:_identify(log) ignored
[0.243s] Level 1:colcon.colcon_core.package_identification:_identify(unmanned_systems_ros2_pkg) by extensions ['ignore', 'ignore_ament_install']
[0.243s] Level 1:colcon.colcon_core.package_identification:_identify(unmanned_systems_ros2_pkg) by extension 'ignore'
[0.243s] Level 1:colcon.colcon_core.package_identification:_identify(unmanned_systems_ros2_pkg) by extension 'ignore_ament_install'
[0.243s] Level 1:colcon.colcon_core.package_identification:_identify(unmanned_systems_ros2_pkg) by extensions ['colcon_pkg']
[0.243s] Level 1:colcon.colcon_core.package_identification:_identify(unmanned_systems_ros2_pkg) by extension 'colcon_pkg'
[0.243s] Level 1:colcon.colcon_core.package_identification:_identify(unmanned_systems_ros2_pkg) by extensions ['colcon_meta']
[0.243s] Level 1:colcon.colcon_core.package_identification:_identify(unmanned_systems_ros2_pkg) by extension 'colcon_meta'
[0.243s] Level 1:colcon.colcon_core.package_identification:_identify(unmanned_systems_ros2_pkg) by extensions ['ros']
[0.243s] Level 1:colcon.colcon_core.package_identification:_identify(unmanned_systems_ros2_pkg) by extension 'ros'
[0.245s] DEBUG:colcon.colcon_core.package_identification:Package 'unmanned_systems_ros2_pkg' with type 'ros.ament_cmake' and name 'unmanned_systems_ros2_pkg'
[0.245s] Level 1:colcon.colcon_core.package_discovery:discover_packages(recursive) using defaults
[0.245s] Level 1:colcon.colcon_core.package_discovery:discover_packages(ignore) discover
[0.245s] Level 1:colcon.colcon_core.package_discovery:discover_packages(ignore) using defaults
[0.245s] Level 1:colcon.colcon_core.package_discovery:discover_packages(path) discover
[0.245s] Level 1:colcon.colcon_core.package_discovery:discover_packages(path) using defaults
[0.259s] Level 1:colcon.colcon_core.package_discovery:discover_packages(prefix_path) check parameters
[0.259s] Level 1:colcon.colcon_core.package_discovery:discover_packages(prefix_path) discover
[0.261s] DEBUG:colcon.colcon_installed_package_information.package_discovery:Found 0 installed packages in /home/justin/ros2_ws/install
[0.263s] DEBUG:colcon.colcon_installed_package_information.package_discovery:Found 256 installed packages in /opt/ros/foxy
[0.266s] Level 1:colcon.colcon_core.package_discovery:discover_packages(prefix_path) using defaults
[0.311s] Level 5:colcon.colcon_core.verb:set package 'unmanned_systems_ros2_pkg' build argument 'cmake_args' from command line to 'None'
[0.311s] Level 5:colcon.colcon_core.verb:set package 'unmanned_systems_ros2_pkg' build argument 'cmake_target' from command line to 'None'
[0.311s] Level 5:colcon.colcon_core.verb:set package 'unmanned_systems_ros2_pkg' build argument 'cmake_target_skip_unavailable' from command line to 'False'
[0.311s] Level 5:colcon.colcon_core.verb:set package 'unmanned_systems_ros2_pkg' build argument 'cmake_clean_cache' from command line to 'False'
[0.311s] Level 5:colcon.colcon_core.verb:set package 'unmanned_systems_ros2_pkg' build argument 'cmake_clean_first' from command line to 'False'
[0.311s] Level 5:colcon.colcon_core.verb:set package 'unmanned_systems_ros2_pkg' build argument 'cmake_force_configure' from command line to 'False'
[0.311s] Level 5:colcon.colcon_core.verb:set package 'unmanned_systems_ros2_pkg' build argument 'ament_cmake_args' from command line to 'None'
[0.311s] Level 5:colcon.colcon_core.verb:set package 'unmanned_systems_ros2_pkg' build argument 'catkin_cmake_args' from command line to 'None'
[0.311s] Level 5:colcon.colcon_core.verb:set package 'unmanned_systems_ros2_pkg' build argument 'catkin_skip_building_tests' from command line to 'False'
[0.311s] DEBUG:colcon.colcon_core.verb:Building package 'unmanned_systems_ros2_pkg' with the following arguments: {'ament_cmake_args': None, 'build_base': '/home/justin/ros2_ws/src/unmanned_systems_ros2_pkg/build/unmanned_systems_ros2_pkg', 'catkin_cmake_args': None, 'catkin_skip_building_tests': False, 'cmake_args': None, 'cmake_clean_cache': False, 'cmake_clean_first': False, 'cmake_force_configure': False, 'cmake_target': None, 'cmake_target_skip_unavailable': False, 'install_base': '/home/justin/ros2_ws/src/unmanned_systems_ros2_pkg/install/unmanned_systems_ros2_pkg', 'merge_install': False, 'path': '/home/justin/ros2_ws/src/unmanned_systems_ros2_pkg/unmanned_systems_ros2_pkg', 'symlink_install': False, 'test_result_base': None}
[0.312s] INFO:colcon.colcon_core.executor:Executing jobs using 'parallel' executor
[0.315s] DEBUG:colcon.colcon_parallel_executor.executor.parallel:run_until_complete
[0.315s] INFO:colcon.colcon_ros.task.ament_cmake.build:Building ROS package in '/home/justin/ros2_ws/src/unmanned_systems_ros2_pkg/unmanned_systems_ros2_pkg' with build type 'ament_cmake'
[0.316s] INFO:colcon.colcon_cmake.task.cmake.build:Building CMake package in '/home/justin/ros2_ws/src/unmanned_systems_ros2_pkg/unmanned_systems_ros2_pkg'
[0.319s] INFO:colcon.colcon_core.plugin_system:Skipping extension 'colcon_core.shell.bat': Not used on non-Windows systems
[0.319s] INFO:colcon.colcon_core.shell:Skip shell extension 'powershell' for command environment: Not usable outside of PowerShell
[0.319s] DEBUG:colcon.colcon_core.shell:Skip shell extension 'dsv' for command environment
[0.322s] DEBUG:colcon.colcon_core.shell:Ignoring prefix path '/home/justin/AirSim/ros/devel'
[0.322s] DEBUG:colcon.colcon_core.shell:Ignoring prefix path '/home/justin/catkin_ws/devel'
[0.323s] DEBUG:colcon.colcon_core.shell:Ignoring prefix path '/opt/ros/noetic'
[0.331s] DEBUG:colcon.colcon_core.event_handler.log_command:Invoking command in '/home/justin/ros2_ws/src/unmanned_systems_ros2_pkg/build/unmanned_systems_ros2_pkg': CMAKE_PREFIX_PATH=/opt/ros/foxy:${CMAKE_PREFIX_PATH} /usr/bin/cmake /home/justin/ros2_ws/src/unmanned_systems_ros2_pkg/unmanned_systems_ros2_pkg -DCMAKE_INSTALL_PREFIX=/home/justin/ros2_ws/src/unmanned_systems_ros2_pkg/install/unmanned_systems_ros2_pkg
[5.149s] DEBUG:colcon.colcon_core.event_handler.log_command:Invoked command in '/home/justin/ros2_ws/src/unmanned_systems_ros2_pkg/build/unmanned_systems_ros2_pkg' returned '0': CMAKE_PREFIX_PATH=/opt/ros/foxy:${CMAKE_PREFIX_PATH} /usr/bin/cmake /home/justin/ros2_ws/src/unmanned_systems_ros2_pkg/unmanned_systems_ros2_pkg -DCMAKE_INSTALL_PREFIX=/home/justin/ros2_ws/src/unmanned_systems_ros2_pkg/install/unmanned_systems_ros2_pkg
[5.150s] DEBUG:colcon.colcon_core.event_handler.log_command:Invoking command in '/home/justin/ros2_ws/src/unmanned_systems_ros2_pkg/build/unmanned_systems_ros2_pkg': CMAKE_PREFIX_PATH=/opt/ros/foxy:${CMAKE_PREFIX_PATH} /usr/bin/cmake --build /home/justin/ros2_ws/src/unmanned_systems_ros2_pkg/build/unmanned_systems_ros2_pkg -- -j16 -l16
[6.849s] DEBUG:colcon.colcon_core.event_handler.log_command:Invoked command in '/home/justin/ros2_ws/src/unmanned_systems_ros2_pkg/build/unmanned_systems_ros2_pkg' returned '0': CMAKE_PREFIX_PATH=/opt/ros/foxy:${CMAKE_PREFIX_PATH} /usr/bin/cmake --build /home/justin/ros2_ws/src/unmanned_systems_ros2_pkg/build/unmanned_systems_ros2_pkg -- -j16 -l16
[6.871s] DEBUG:colcon.colcon_core.event_handler.log_command:Invoking command in '/home/justin/ros2_ws/src/unmanned_systems_ros2_pkg/build/unmanned_systems_ros2_pkg': CMAKE_PREFIX_PATH=/opt/ros/foxy:${CMAKE_PREFIX_PATH} /usr/bin/cmake --install /home/justin/ros2_ws/src/unmanned_systems_ros2_pkg/build/unmanned_systems_ros2_pkg
[6.904s] Level 1:colcon.colcon_core.environment:create_environment_scripts_only(unmanned_systems_ros2_pkg)
[6.906s] DEBUG:colcon.colcon_core.event_handler.log_command:Invoked command in '/home/justin/ros2_ws/src/unmanned_systems_ros2_pkg/build/unmanned_systems_ros2_pkg' returned '0': CMAKE_PREFIX_PATH=/opt/ros/foxy:${CMAKE_PREFIX_PATH} /usr/bin/cmake --install /home/justin/ros2_ws/src/unmanned_systems_ros2_pkg/build/unmanned_systems_ros2_pkg
[6.909s] Level 1:colcon.colcon_core.environment:checking '/home/justin/ros2_ws/src/unmanned_systems_ros2_pkg/install/unmanned_systems_ros2_pkg' for CMake module files
[6.910s] Level 1:colcon.colcon_core.environment:checking '/home/justin/ros2_ws/src/unmanned_systems_ros2_pkg/install/unmanned_systems_ros2_pkg' for CMake config files
[6.910s] Level 1:colcon.colcon_core.shell:create_environment_hook('unmanned_systems_ros2_pkg', 'cmake_prefix_path')
[6.911s] INFO:colcon.colcon_core.shell:Creating environment hook '/home/justin/ros2_ws/src/unmanned_systems_ros2_pkg/install/unmanned_systems_ros2_pkg/share/unmanned_systems_ros2_pkg/hook/cmake_prefix_path.ps1'
[6.911s] INFO:colcon.colcon_core.shell:Creating environment descriptor '/home/justin/ros2_ws/src/unmanned_systems_ros2_pkg/install/unmanned_systems_ros2_pkg/share/unmanned_systems_ros2_pkg/hook/cmake_prefix_path.dsv'
[6.912s] INFO:colcon.colcon_core.shell:Creating environment hook '/home/justin/ros2_ws/src/unmanned_systems_ros2_pkg/install/unmanned_systems_ros2_pkg/share/unmanned_systems_ros2_pkg/hook/cmake_prefix_path.sh'
[6.912s] Level 1:colcon.colcon_core.environment:checking '/home/justin/ros2_ws/src/unmanned_systems_ros2_pkg/install/unmanned_systems_ros2_pkg/lib'
[6.912s] Level 1:colcon.colcon_core.environment:checking '/home/justin/ros2_ws/src/unmanned_systems_ros2_pkg/install/unmanned_systems_ros2_pkg/bin'
[6.913s] Level 1:colcon.colcon_core.environment:checking '/home/justin/ros2_ws/src/unmanned_systems_ros2_pkg/install/unmanned_systems_ros2_pkg/lib/pkgconfig/unmanned_systems_ros2_pkg.pc'
[6.913s] Level 1:colcon.colcon_core.environment:checking '/home/justin/ros2_ws/src/unmanned_systems_ros2_pkg/install/unmanned_systems_ros2_pkg/lib/python3.8/site-packages'
[6.913s] Level 1:colcon.colcon_core.shell:create_environment_hook('unmanned_systems_ros2_pkg', 'pythonpath')
[6.914s] INFO:colcon.colcon_core.shell:Creating environment hook '/home/justin/ros2_ws/src/unmanned_systems_ros2_pkg/install/unmanned_systems_ros2_pkg/share/unmanned_systems_ros2_pkg/hook/pythonpath.ps1'
[6.914s] INFO:colcon.colcon_core.shell:Creating environment descriptor '/home/justin/ros2_ws/src/unmanned_systems_ros2_pkg/install/unmanned_systems_ros2_pkg/share/unmanned_systems_ros2_pkg/hook/pythonpath.dsv'
[6.914s] INFO:colcon.colcon_core.shell:Creating environment hook '/home/justin/ros2_ws/src/unmanned_systems_ros2_pkg/install/unmanned_systems_ros2_pkg/share/unmanned_systems_ros2_pkg/hook/pythonpath.sh'
[6.915s] Level 1:colcon.colcon_core.environment:checking '/home/justin/ros2_ws/src/unmanned_systems_ros2_pkg/install/unmanned_systems_ros2_pkg/bin'
[6.916s] INFO:colcon.colcon_core.shell:Creating package script '/home/justin/ros2_ws/src/unmanned_systems_ros2_pkg/install/unmanned_systems_ros2_pkg/share/unmanned_systems_ros2_pkg/package.ps1'
[6.916s] INFO:colcon.colcon_core.shell:Creating package descriptor '/home/justin/ros2_ws/src/unmanned_systems_ros2_pkg/install/unmanned_systems_ros2_pkg/share/unmanned_systems_ros2_pkg/package.dsv'
[6.916s] INFO:colcon.colcon_core.shell:Creating package script '/home/justin/ros2_ws/src/unmanned_systems_ros2_pkg/install/unmanned_systems_ros2_pkg/share/unmanned_systems_ros2_pkg/package.sh'
[6.917s] INFO:colcon.colcon_core.shell:Creating package script '/home/justin/ros2_ws/src/unmanned_systems_ros2_pkg/install/unmanned_systems_ros2_pkg/share/unmanned_systems_ros2_pkg/package.bash'
[6.917s] INFO:colcon.colcon_core.shell:Creating package script '/home/justin/ros2_ws/src/unmanned_systems_ros2_pkg/install/unmanned_systems_ros2_pkg/share/unmanned_systems_ros2_pkg/package.zsh'
[6.918s] Level 1:colcon.colcon_core.environment:create_file_with_runtime_dependencies(/home/justin/ros2_ws/src/unmanned_systems_ros2_pkg/install/unmanned_systems_ros2_pkg/share/colcon-core/packages/unmanned_systems_ros2_pkg)
[6.934s] Level 1:colcon.colcon_core.environment:create_environment_scripts_only(unmanned_systems_ros2_pkg)
[6.935s] Level 1:colcon.colcon_core.environment:checking '/home/justin/ros2_ws/src/unmanned_systems_ros2_pkg/install/unmanned_systems_ros2_pkg' for CMake module files
[6.936s] Level 1:colcon.colcon_core.environment:checking '/home/justin/ros2_ws/src/unmanned_systems_ros2_pkg/install/unmanned_systems_ros2_pkg' for CMake config files
[6.936s] Level 1:colcon.colcon_core.shell:create_environment_hook('unmanned_systems_ros2_pkg', 'cmake_prefix_path')
[6.937s] INFO:colcon.colcon_core.shell:Creating environment hook '/home/justin/ros2_ws/src/unmanned_systems_ros2_pkg/install/unmanned_systems_ros2_pkg/share/unmanned_systems_ros2_pkg/hook/cmake_prefix_path.ps1'
[6.938s] INFO:colcon.colcon_core.shell:Creating environment descriptor '/home/justin/ros2_ws/src/unmanned_systems_ros2_pkg/install/unmanned_systems_ros2_pkg/share/unmanned_systems_ros2_pkg/hook/cmake_prefix_path.dsv'
[6.938s] INFO:colcon.colcon_core.shell:Creating environment hook '/home/justin/ros2_ws/src/unmanned_systems_ros2_pkg/install/unmanned_systems_ros2_pkg/share/unmanned_systems_ros2_pkg/hook/cmake_prefix_path.sh'
[6.938s] Level 1:colcon.colcon_core.environment:checking '/home/justin/ros2_ws/src/unmanned_systems_ros2_pkg/install/unmanned_systems_ros2_pkg/lib'
[6.938s] Level 1:colcon.colcon_core.environment:checking '/home/justin/ros2_ws/src/unmanned_systems_ros2_pkg/install/unmanned_systems_ros2_pkg/bin'
[6.938s] Level 1:colcon.colcon_core.environment:checking '/home/justin/ros2_ws/src/unmanned_systems_ros2_pkg/install/unmanned_systems_ros2_pkg/lib/pkgconfig/unmanned_systems_ros2_pkg.pc'
[6.939s] Level 1:colcon.colcon_core.environment:checking '/home/justin/ros2_ws/src/unmanned_systems_ros2_pkg/install/unmanned_systems_ros2_pkg/lib/python3.8/site-packages'
[6.939s] Level 1:colcon.colcon_core.shell:create_environment_hook('unmanned_systems_ros2_pkg', 'pythonpath')
[6.940s] INFO:colcon.colcon_core.shell:Creating environment hook '/home/justin/ros2_ws/src/unmanned_systems_ros2_pkg/install/unmanned_systems_ros2_pkg/share/unmanned_systems_ros2_pkg/hook/pythonpath.ps1'
[6.940s] INFO:colcon.colcon_core.shell:Creating environment descriptor '/home/justin/ros2_ws/src/unmanned_systems_ros2_pkg/install/unmanned_systems_ros2_pkg/share/unmanned_systems_ros2_pkg/hook/pythonpath.dsv'
[6.941s] INFO:colcon.colcon_core.shell:Creating environment hook '/home/justin/ros2_ws/src/unmanned_systems_ros2_pkg/install/unmanned_systems_ros2_pkg/share/unmanned_systems_ros2_pkg/hook/pythonpath.sh'
[6.941s] Level 1:colcon.colcon_core.environment:checking '/home/justin/ros2_ws/src/unmanned_systems_ros2_pkg/install/unmanned_systems_ros2_pkg/bin'
[6.942s] INFO:colcon.colcon_core.shell:Creating package script '/home/justin/ros2_ws/src/unmanned_systems_ros2_pkg/install/unmanned_systems_ros2_pkg/share/unmanned_systems_ros2_pkg/package.ps1'
[6.943s] INFO:colcon.colcon_core.shell:Creating package descriptor '/home/justin/ros2_ws/src/unmanned_systems_ros2_pkg/install/unmanned_systems_ros2_pkg/share/unmanned_systems_ros2_pkg/package.dsv'
[6.943s] INFO:colcon.colcon_core.shell:Creating package script '/home/justin/ros2_ws/src/unmanned_systems_ros2_pkg/install/unmanned_systems_ros2_pkg/share/unmanned_systems_ros2_pkg/package.sh'
[6.943s] INFO:colcon.colcon_core.shell:Creating package script '/home/justin/ros2_ws/src/unmanned_systems_ros2_pkg/install/unmanned_systems_ros2_pkg/share/unmanned_systems_ros2_pkg/package.bash'
[6.943s] INFO:colcon.colcon_core.shell:Creating package script '/home/justin/ros2_ws/src/unmanned_systems_ros2_pkg/install/unmanned_systems_ros2_pkg/share/unmanned_systems_ros2_pkg/package.zsh'
[6.944s] Level 1:colcon.colcon_core.environment:create_file_with_runtime_dependencies(/home/justin/ros2_ws/src/unmanned_systems_ros2_pkg/install/unmanned_systems_ros2_pkg/share/colcon-core/packages/unmanned_systems_ros2_pkg)
[6.944s] DEBUG:colcon.colcon_parallel_executor.executor.parallel:closing loop
[6.945s] DEBUG:colcon.colcon_parallel_executor.executor.parallel:loop closed
[6.945s] DEBUG:colcon.colcon_parallel_executor.executor.parallel:run_until_complete finished with '0'
[6.945s] DEBUG:colcon.colcon_core.event_reactor:joining thread
[6.997s] INFO:colcon.colcon_core.plugin_system:Skipping extension 'colcon_notification.desktop_notification.notify_send': Could not find 'notify-send'
[6.997s] INFO:colcon.colcon_core.plugin_system:Skipping extension 'colcon_notification.desktop_notification.terminal_notifier': Not used on non-Darwin systems
[6.997s] INFO:colcon.colcon_core.plugin_system:Skipping extension 'colcon_notification.desktop_notification.win32': Not used on non-Windows systems
[6.997s] INFO:colcon.colcon_notification.desktop_notification:Sending desktop notification using 'notify2'
[7.001s] DEBUG:colcon.colcon_notification.desktop_notification.notify2:Failed to initialize notify2: org.freedesktop.DBus.Error.ServiceUnknown: The name org.freedesktop.Notifications was not provided by any .service files
[7.002s] DEBUG:colcon.colcon_core.event_reactor:joined thread
[7.003s] INFO:colcon.colcon_core.shell:Creating prefix script '/home/justin/ros2_ws/src/unmanned_systems_ros2_pkg/install/local_setup.ps1'
[7.005s] INFO:colcon.colcon_core.shell:Creating prefix util module '/home/justin/ros2_ws/src/unmanned_systems_ros2_pkg/install/_local_setup_util_ps1.py'
[7.005s] INFO:colcon.colcon_core.shell:Creating prefix chain script '/home/justin/ros2_ws/src/unmanned_systems_ros2_pkg/install/setup.ps1'
[7.007s] INFO:colcon.colcon_core.shell:Creating prefix script '/home/justin/ros2_ws/src/unmanned_systems_ros2_pkg/install/local_setup.sh'
[7.007s] INFO:colcon.colcon_core.shell:Creating prefix util module '/home/justin/ros2_ws/src/unmanned_systems_ros2_pkg/install/_local_setup_util_sh.py'
[7.008s] INFO:colcon.colcon_core.shell:Creating prefix chain script '/home/justin/ros2_ws/src/unmanned_systems_ros2_pkg/install/setup.sh'
[7.009s] INFO:colcon.colcon_core.shell:Creating prefix script '/home/justin/ros2_ws/src/unmanned_systems_ros2_pkg/install/local_setup.bash'
[7.010s] INFO:colcon.colcon_core.shell:Creating prefix chain script '/home/justin/ros2_ws/src/unmanned_systems_ros2_pkg/install/setup.bash'
[7.011s] INFO:colcon.colcon_core.shell:Creating prefix script '/home/justin/ros2_ws/src/unmanned_systems_ros2_pkg/install/local_setup.zsh'
[7.011s] INFO:colcon.colcon_core.shell:Creating prefix chain script '/home/justin/ros2_ws/src/unmanned_systems_ros2_pkg/install/setup.zsh'
