[0.200s] DEBUG:colcon:Command line arguments: ['/usr/bin/colcon', 'build']
[0.200s] DEBUG:colcon:Parsed command line arguments: Namespace(allow_overriding=[], ament_cmake_args=None, base_paths=['.'], build_base='build', catkin_cmake_args=None, catkin_skip_building_tests=False, cmake_args=None, cmake_clean_cache=False, cmake_clean_first=False, cmake_force_configure=False, cmake_target=None, cmake_target_skip_unavailable=False, continue_on_error=False, event_handlers=None, executor='parallel', ignore_user_meta=False, install_base='install', log_base=None, log_level=None, main=<bound method BuildVerb.main of <colcon_core.verb.build.BuildVerb object at 0x7f903a353fd0>>, merge_install=False, metas=['./colcon.meta'], packages_above=None, packages_above_and_dependencies=None, packages_above_depth=None, packages_end=None, packages_ignore=None, packages_ignore_regex=None, packages_select=None, packages_select_build_failed=False, packages_select_by_dep=None, packages_select_regex=None, packages_select_test_failures=False, packages_skip=None, packages_skip_build_finished=False, packages_skip_by_dep=None, packages_skip_regex=None, packages_skip_test_passed=False, packages_skip_up_to=None, packages_start=None, packages_up_to=None, packages_up_to_regex=None, parallel_workers=16, paths=None, symlink_install=False, test_result_base=None, verb_extension=<colcon_core.verb.build.BuildVerb object at 0x7f903a353fd0>, verb_name='build', verb_parser=<colcon_defaults.argument_parser.defaults.DefaultArgumentsDecorator object at 0x7f903a35c520>)
[0.218s] Level 1:colcon.colcon_core.package_discovery:discover_packages(colcon_meta) check parameters
[0.218s] Level 1:colcon.colcon_core.package_discovery:discover_packages(recursive) check parameters
[0.218s] Level 1:colcon.colcon_core.package_discovery:discover_packages(ignore) check parameters
[0.218s] Level 1:colcon.colcon_core.package_discovery:discover_packages(path) check parameters
[0.218s] Level 1:colcon.colcon_core.package_discovery:discover_packages(colcon_meta) discover
[0.218s] Level 1:colcon.colcon_core.package_discovery:discover_packages(recursive) discover
[0.218s] INFO:colcon.colcon_core.package_discovery:Crawling recursively for packages in '/home/justin/ros2_ws/src/unmanned_systems_ros2_pkg'
[0.219s] Level 1:colcon.colcon_core.package_identification:_identify(.) by extensions ['ignore', 'ignore_ament_install']
[0.219s] Level 1:colcon.colcon_core.package_identification:_identify(.) by extension 'ignore'
[0.219s] Level 1:colcon.colcon_core.package_identification:_identify(.) by extension 'ignore_ament_install'
[0.219s] Level 1:colcon.colcon_core.package_identification:_identify(.) by extensions ['colcon_pkg']
[0.219s] Level 1:colcon.colcon_core.package_identification:_identify(.) by extension 'colcon_pkg'
[0.219s] Level 1:colcon.colcon_core.package_identification:_identify(.) by extensions ['colcon_meta']
[0.219s] Level 1:colcon.colcon_core.package_identification:_identify(.) by extension 'colcon_meta'
[0.219s] Level 1:colcon.colcon_core.package_identification:_identify(.) by extensions ['ros']
[0.219s] Level 1:colcon.colcon_core.package_identification:_identify(.) by extension 'ros'
[0.236s] Level 1:colcon.colcon_core.package_identification:_identify(.) by extensions ['cmake', 'python']
[0.236s] Level 1:colcon.colcon_core.package_identification:_identify(.) by extension 'cmake'
[0.236s] Level 1:colcon.colcon_core.package_identification:_identify(.) by extension 'python'
[0.236s] Level 1:colcon.colcon_core.package_identification:_identify(.) by extensions ['python_setup_py']
[0.236s] Level 1:colcon.colcon_core.package_identification:_identify(.) by extension 'python_setup_py'
[0.236s] Level 1:colcon.colcon_core.package_identification:_identify(build) by extensions ['ignore', 'ignore_ament_install']
[0.236s] Level 1:colcon.colcon_core.package_identification:_identify(build) by extension 'ignore'
[0.236s] Level 1:colcon.colcon_core.package_identification:_identify(build) ignored
[0.236s] Level 1:colcon.colcon_core.package_identification:_identify(install) by extensions ['ignore', 'ignore_ament_install']
[0.236s] Level 1:colcon.colcon_core.package_identification:_identify(install) by extension 'ignore'
[0.236s] Level 1:colcon.colcon_core.package_identification:_identify(install) ignored
[0.236s] Level 1:colcon.colcon_core.package_identification:_identify(log) by extensions ['ignore', 'ignore_ament_install']
[0.237s] Level 1:colcon.colcon_core.package_identification:_identify(log) by extension 'ignore'
[0.237s] Level 1:colcon.colcon_core.package_identification:_identify(log) ignored
[0.237s] Level 1:colcon.colcon_core.package_identification:_identify(unmanned_systems_ros2_pkg) by extensions ['ignore', 'ignore_ament_install']
[0.237s] Level 1:colcon.colcon_core.package_identification:_identify(unmanned_systems_ros2_pkg) by extension 'ignore'
[0.237s] Level 1:colcon.colcon_core.package_identification:_identify(unmanned_systems_ros2_pkg) by extension 'ignore_ament_install'
[0.237s] Level 1:colcon.colcon_core.package_identification:_identify(unmanned_systems_ros2_pkg) by extensions ['colcon_pkg']
[0.237s] Level 1:colcon.colcon_core.package_identification:_identify(unmanned_systems_ros2_pkg) by extension 'colcon_pkg'
[0.237s] Level 1:colcon.colcon_core.package_identification:_identify(unmanned_systems_ros2_pkg) by extensions ['colcon_meta']
[0.237s] Level 1:colcon.colcon_core.package_identification:_identify(unmanned_systems_ros2_pkg) by extension 'colcon_meta'
[0.237s] Level 1:colcon.colcon_core.package_identification:_identify(unmanned_systems_ros2_pkg) by extensions ['ros']
[0.237s] Level 1:colcon.colcon_core.package_identification:_identify(unmanned_systems_ros2_pkg) by extension 'ros'
[0.239s] DEBUG:colcon.colcon_core.package_identification:Package 'unmanned_systems_ros2_pkg' with type 'ros.ament_cmake' and name 'unmanned_systems_ros2_pkg'
[0.239s] Level 1:colcon.colcon_core.package_discovery:discover_packages(recursive) using defaults
[0.239s] Level 1:colcon.colcon_core.package_discovery:discover_packages(ignore) discover
[0.239s] Level 1:colcon.colcon_core.package_discovery:discover_packages(ignore) using defaults
[0.239s] Level 1:colcon.colcon_core.package_discovery:discover_packages(path) discover
[0.239s] Level 1:colcon.colcon_core.package_discovery:discover_packages(path) using defaults
[0.254s] Level 1:colcon.colcon_core.package_discovery:discover_packages(prefix_path) check parameters
[0.254s] Level 1:colcon.colcon_core.package_discovery:discover_packages(prefix_path) discover
[0.256s] DEBUG:colcon.colcon_installed_package_information.package_discovery:Found 0 installed packages in /home/justin/ros2_ws/install
[0.257s] DEBUG:colcon.colcon_installed_package_information.package_discovery:Found 256 installed packages in /opt/ros/foxy
[0.260s] Level 1:colcon.colcon_core.package_discovery:discover_packages(prefix_path) using defaults
[0.308s] Level 5:colcon.colcon_core.verb:set package 'unmanned_systems_ros2_pkg' build argument 'cmake_args' from command line to 'None'
[0.308s] Level 5:colcon.colcon_core.verb:set package 'unmanned_systems_ros2_pkg' build argument 'cmake_target' from command line to 'None'
[0.308s] Level 5:colcon.colcon_core.verb:set package 'unmanned_systems_ros2_pkg' build argument 'cmake_target_skip_unavailable' from command line to 'False'
[0.308s] Level 5:colcon.colcon_core.verb:set package 'unmanned_systems_ros2_pkg' build argument 'cmake_clean_cache' from command line to 'False'
[0.308s] Level 5:colcon.colcon_core.verb:set package 'unmanned_systems_ros2_pkg' build argument 'cmake_clean_first' from command line to 'False'
[0.308s] Level 5:colcon.colcon_core.verb:set package 'unmanned_systems_ros2_pkg' build argument 'cmake_force_configure' from command line to 'False'
[0.308s] Level 5:colcon.colcon_core.verb:set package 'unmanned_systems_ros2_pkg' build argument 'ament_cmake_args' from command line to 'None'
[0.308s] Level 5:colcon.colcon_core.verb:set package 'unmanned_systems_ros2_pkg' build argument 'catkin_cmake_args' from command line to 'None'
[0.308s] Level 5:colcon.colcon_core.verb:set package 'unmanned_systems_ros2_pkg' build argument 'catkin_skip_building_tests' from command line to 'False'
[0.308s] DEBUG:colcon.colcon_core.verb:Building package 'unmanned_systems_ros2_pkg' with the following arguments: {'ament_cmake_args': None, 'build_base': '/home/justin/ros2_ws/src/unmanned_systems_ros2_pkg/build/unmanned_systems_ros2_pkg', 'catkin_cmake_args': None, 'catkin_skip_building_tests': False, 'cmake_args': None, 'cmake_clean_cache': False, 'cmake_clean_first': False, 'cmake_force_configure': False, 'cmake_target': None, 'cmake_target_skip_unavailable': False, 'install_base': '/home/justin/ros2_ws/src/unmanned_systems_ros2_pkg/install/unmanned_systems_ros2_pkg', 'merge_install': False, 'path': '/home/justin/ros2_ws/src/unmanned_systems_ros2_pkg/unmanned_systems_ros2_pkg', 'symlink_install': False, 'test_result_base': None}
[0.309s] INFO:colcon.colcon_core.executor:Executing jobs using 'parallel' executor
[0.312s] DEBUG:colcon.colcon_parallel_executor.executor.parallel:run_until_complete
[0.312s] INFO:colcon.colcon_ros.task.ament_cmake.build:Building ROS package in '/home/justin/ros2_ws/src/unmanned_systems_ros2_pkg/unmanned_systems_ros2_pkg' with build type 'ament_cmake'
[0.312s] INFO:colcon.colcon_cmake.task.cmake.build:Building CMake package in '/home/justin/ros2_ws/src/unmanned_systems_ros2_pkg/unmanned_systems_ros2_pkg'
[0.316s] INFO:colcon.colcon_core.plugin_system:Skipping extension 'colcon_core.shell.bat': Not used on non-Windows systems
[0.316s] INFO:colcon.colcon_core.shell:Skip shell extension 'powershell' for command environment: Not usable outside of PowerShell
[0.316s] DEBUG:colcon.colcon_core.shell:Skip shell extension 'dsv' for command environment
[0.318s] DEBUG:colcon.colcon_core.shell:Ignoring prefix path '/home/justin/AirSim/ros/devel'
[0.319s] DEBUG:colcon.colcon_core.shell:Ignoring prefix path '/home/justin/catkin_ws/devel'
[0.319s] DEBUG:colcon.colcon_core.shell:Ignoring prefix path '/opt/ros/noetic'
[0.328s] DEBUG:colcon.colcon_core.event_handler.log_command:Invoking command in '/home/justin/ros2_ws/src/unmanned_systems_ros2_pkg/build/unmanned_systems_ros2_pkg': CMAKE_PREFIX_PATH=/opt/ros/foxy:${CMAKE_PREFIX_PATH} /usr/bin/cmake /home/justin/ros2_ws/src/unmanned_systems_ros2_pkg/unmanned_systems_ros2_pkg -DCMAKE_INSTALL_PREFIX=/home/justin/ros2_ws/src/unmanned_systems_ros2_pkg/install/unmanned_systems_ros2_pkg
[7.212s] DEBUG:colcon.colcon_core.event_handler.log_command:Invoked command in '/home/justin/ros2_ws/src/unmanned_systems_ros2_pkg/build/unmanned_systems_ros2_pkg' returned '1': CMAKE_PREFIX_PATH=/opt/ros/foxy:${CMAKE_PREFIX_PATH} /usr/bin/cmake /home/justin/ros2_ws/src/unmanned_systems_ros2_pkg/unmanned_systems_ros2_pkg -DCMAKE_INSTALL_PREFIX=/home/justin/ros2_ws/src/unmanned_systems_ros2_pkg/install/unmanned_systems_ros2_pkg
[7.222s] Level 1:colcon.colcon_core.environment:create_environment_scripts_only(unmanned_systems_ros2_pkg)
[7.227s] Level 1:colcon.colcon_core.environment:checking '/home/justin/ros2_ws/src/unmanned_systems_ros2_pkg/install/unmanned_systems_ros2_pkg' for CMake module files
[7.227s] Level 1:colcon.colcon_core.environment:checking '/home/justin/ros2_ws/src/unmanned_systems_ros2_pkg/install/unmanned_systems_ros2_pkg' for CMake config files
[7.227s] Level 1:colcon.colcon_core.environment:checking '/home/justin/ros2_ws/src/unmanned_systems_ros2_pkg/install/unmanned_systems_ros2_pkg/bin'
[7.227s] Level 1:colcon.colcon_core.environment:checking '/home/justin/ros2_ws/src/unmanned_systems_ros2_pkg/install/unmanned_systems_ros2_pkg/lib/pkgconfig/unmanned_systems_ros2_pkg.pc'
[7.227s] Level 1:colcon.colcon_core.environment:checking '/home/justin/ros2_ws/src/unmanned_systems_ros2_pkg/install/unmanned_systems_ros2_pkg/lib/python3.8/site-packages'
[7.228s] Level 1:colcon.colcon_core.environment:checking '/home/justin/ros2_ws/src/unmanned_systems_ros2_pkg/install/unmanned_systems_ros2_pkg/bin'
[7.229s] INFO:colcon.colcon_core.shell:Creating package script '/home/justin/ros2_ws/src/unmanned_systems_ros2_pkg/install/unmanned_systems_ros2_pkg/share/unmanned_systems_ros2_pkg/package.ps1'
[7.229s] INFO:colcon.colcon_core.shell:Creating package descriptor '/home/justin/ros2_ws/src/unmanned_systems_ros2_pkg/install/unmanned_systems_ros2_pkg/share/unmanned_systems_ros2_pkg/package.dsv'
[7.230s] INFO:colcon.colcon_core.shell:Creating package script '/home/justin/ros2_ws/src/unmanned_systems_ros2_pkg/install/unmanned_systems_ros2_pkg/share/unmanned_systems_ros2_pkg/package.sh'
[7.230s] INFO:colcon.colcon_core.shell:Creating package script '/home/justin/ros2_ws/src/unmanned_systems_ros2_pkg/install/unmanned_systems_ros2_pkg/share/unmanned_systems_ros2_pkg/package.bash'
[7.231s] INFO:colcon.colcon_core.shell:Creating package script '/home/justin/ros2_ws/src/unmanned_systems_ros2_pkg/install/unmanned_systems_ros2_pkg/share/unmanned_systems_ros2_pkg/package.zsh'
[7.231s] Level 1:colcon.colcon_core.environment:create_file_with_runtime_dependencies(/home/justin/ros2_ws/src/unmanned_systems_ros2_pkg/install/unmanned_systems_ros2_pkg/share/colcon-core/packages/unmanned_systems_ros2_pkg)
[7.242s] DEBUG:colcon.colcon_parallel_executor.executor.parallel:closing loop
[7.242s] DEBUG:colcon.colcon_parallel_executor.executor.parallel:loop closed
[7.242s] DEBUG:colcon.colcon_parallel_executor.executor.parallel:run_until_complete finished with '1'
[7.242s] DEBUG:colcon.colcon_core.event_reactor:joining thread
[7.296s] INFO:colcon.colcon_core.plugin_system:Skipping extension 'colcon_notification.desktop_notification.notify_send': Could not find 'notify-send'
[7.297s] INFO:colcon.colcon_core.plugin_system:Skipping extension 'colcon_notification.desktop_notification.terminal_notifier': Not used on non-Darwin systems
[7.297s] INFO:colcon.colcon_core.plugin_system:Skipping extension 'colcon_notification.desktop_notification.win32': Not used on non-Windows systems
[7.297s] INFO:colcon.colcon_notification.desktop_notification:Sending desktop notification using 'notify2'
[7.300s] DEBUG:colcon.colcon_notification.desktop_notification.notify2:Failed to initialize notify2: org.freedesktop.DBus.Error.ServiceUnknown: The name org.freedesktop.Notifications was not provided by any .service files
[7.300s] DEBUG:colcon.colcon_core.event_reactor:joined thread
[7.302s] INFO:colcon.colcon_core.shell:Creating prefix script '/home/justin/ros2_ws/src/unmanned_systems_ros2_pkg/install/local_setup.ps1'
[7.303s] INFO:colcon.colcon_core.shell:Creating prefix util module '/home/justin/ros2_ws/src/unmanned_systems_ros2_pkg/install/_local_setup_util_ps1.py'
[7.303s] INFO:colcon.colcon_core.shell:Creating prefix chain script '/home/justin/ros2_ws/src/unmanned_systems_ros2_pkg/install/setup.ps1'
[7.305s] INFO:colcon.colcon_core.shell:Creating prefix script '/home/justin/ros2_ws/src/unmanned_systems_ros2_pkg/install/local_setup.sh'
[7.305s] INFO:colcon.colcon_core.shell:Creating prefix util module '/home/justin/ros2_ws/src/unmanned_systems_ros2_pkg/install/_local_setup_util_sh.py'
[7.305s] INFO:colcon.colcon_core.shell:Creating prefix chain script '/home/justin/ros2_ws/src/unmanned_systems_ros2_pkg/install/setup.sh'
[7.307s] INFO:colcon.colcon_core.shell:Creating prefix script '/home/justin/ros2_ws/src/unmanned_systems_ros2_pkg/install/local_setup.bash'
[7.307s] INFO:colcon.colcon_core.shell:Creating prefix chain script '/home/justin/ros2_ws/src/unmanned_systems_ros2_pkg/install/setup.bash'
[7.308s] INFO:colcon.colcon_core.shell:Creating prefix script '/home/justin/ros2_ws/src/unmanned_systems_ros2_pkg/install/local_setup.zsh'
[7.308s] INFO:colcon.colcon_core.shell:Creating prefix chain script '/home/justin/ros2_ws/src/unmanned_systems_ros2_pkg/install/setup.zsh'
