-- Found ament_cmake: 0.9.9 (/opt/ros/foxy/share/ament_cmake/cmake)
-- Using PYTHON_EXECUTABLE: /usr/bin/python3
-- Found rclcpp: 2.4.1 (/opt/ros/foxy/share/rclcpp/cmake)
-- Using all available rosidl_typesupport_c: rosidl_typesupport_fastrtps_c;rosidl_typesupport_introspection_c
-- Found rosidl_adapter: 1.2.1 (/opt/ros/foxy/share/rosidl_adapter/cmake)
-- Using all available rosidl_typesupport_cpp: rosidl_typesupport_fastrtps_cpp;rosidl_typesupport_introspection_cpp
-- Found rmw_implementation_cmake: 1.0.3 (/opt/ros/foxy/share/rmw_implementation_cmake/cmake)
-- Using RMW implementation 'rmw_fastrtps_cpp' as default
-- Found rclpy: 1.0.8 (/opt/ros/foxy/share/rclpy/cmake)
-- Configuring done
-- Generating done
-- Build files have been written to: /home/justin/ros2_ws/src/unmanned_systems_ros2_pkg/build/unmanned_systems_ros2_pkg
[35m[1mScanning dependencies of target cpp_node[0m
[ 50%] [32mBuilding CXX object CMakeFiles/cpp_node.dir/src/cpp_node.cpp.o[0m
[100%] [32m[1mLinking CXX executable cpp_node[0m
[100%] Built target cpp_node
-- Install configuration: ""
-- Installing: /home/justin/ros2_ws/src/unmanned_systems_ros2_pkg/install/unmanned_systems_ros2_pkg/lib/unmanned_systems_ros2_pkg/cpp_node
-- Set runtime path of "/home/justin/ros2_ws/src/unmanned_systems_ros2_pkg/install/unmanned_systems_ros2_pkg/lib/unmanned_systems_ros2_pkg/cpp_node" to ""
-- Installing: /home/justin/ros2_ws/src/unmanned_systems_ros2_pkg/install/unmanned_systems_ros2_pkg/share/unmanned_systems_ros2_pkg/environment/pythonpath.sh
-- Installing: /home/justin/ros2_ws/src/unmanned_systems_ros2_pkg/install/unmanned_systems_ros2_pkg/share/unmanned_systems_ros2_pkg/environment/pythonpath.dsv
-- Installing: /home/justin/ros2_ws/src/unmanned_systems_ros2_pkg/install/unmanned_systems_ros2_pkg/lib/python3.8/site-packages/unmanned_systems_ros2_pkg
-- Installing: /home/justin/ros2_ws/src/unmanned_systems_ros2_pkg/install/unmanned_systems_ros2_pkg/lib/python3.8/site-packages/unmanned_systems_ros2_pkg/some_python_module.py
-- Installing: /home/justin/ros2_ws/src/unmanned_systems_ros2_pkg/install/unmanned_systems_ros2_pkg/lib/python3.8/site-packages/unmanned_systems_ros2_pkg/__init__.py
Listing '/home/justin/ros2_ws/src/unmanned_systems_ros2_pkg/install/unmanned_systems_ros2_pkg/lib/python3.8/site-packages/unmanned_systems_ros2_pkg'...
Compiling '/home/justin/ros2_ws/src/unmanned_systems_ros2_pkg/install/unmanned_systems_ros2_pkg/lib/python3.8/site-packages/unmanned_systems_ros2_pkg/__init__.py'...
Compiling '/home/justin/ros2_ws/src/unmanned_systems_ros2_pkg/install/unmanned_systems_ros2_pkg/lib/python3.8/site-packages/unmanned_systems_ros2_pkg/some_python_module.py'...
-- Installing: /home/justin/ros2_ws/src/unmanned_systems_ros2_pkg/install/unmanned_systems_ros2_pkg/lib/unmanned_systems_ros2_pkg/python_node.py
-- Installing: /home/justin/ros2_ws/src/unmanned_systems_ros2_pkg/install/unmanned_systems_ros2_pkg/share/ament_index/resource_index/package_run_dependencies/unmanned_systems_ros2_pkg
-- Installing: /home/justin/ros2_ws/src/unmanned_systems_ros2_pkg/install/unmanned_systems_ros2_pkg/share/ament_index/resource_index/parent_prefix_path/unmanned_systems_ros2_pkg
-- Installing: /home/justin/ros2_ws/src/unmanned_systems_ros2_pkg/install/unmanned_systems_ros2_pkg/share/unmanned_systems_ros2_pkg/environment/ament_prefix_path.sh
-- Installing: /home/justin/ros2_ws/src/unmanned_systems_ros2_pkg/install/unmanned_systems_ros2_pkg/share/unmanned_systems_ros2_pkg/environment/ament_prefix_path.dsv
-- Installing: /home/justin/ros2_ws/src/unmanned_systems_ros2_pkg/install/unmanned_systems_ros2_pkg/share/unmanned_systems_ros2_pkg/environment/path.sh
-- Installing: /home/justin/ros2_ws/src/unmanned_systems_ros2_pkg/install/unmanned_systems_ros2_pkg/share/unmanned_systems_ros2_pkg/environment/path.dsv
-- Installing: /home/justin/ros2_ws/src/unmanned_systems_ros2_pkg/install/unmanned_systems_ros2_pkg/share/unmanned_systems_ros2_pkg/local_setup.bash
-- Installing: /home/justin/ros2_ws/src/unmanned_systems_ros2_pkg/install/unmanned_systems_ros2_pkg/share/unmanned_systems_ros2_pkg/local_setup.sh
-- Installing: /home/justin/ros2_ws/src/unmanned_systems_ros2_pkg/install/unmanned_systems_ros2_pkg/share/unmanned_systems_ros2_pkg/local_setup.zsh
-- Installing: /home/justin/ros2_ws/src/unmanned_systems_ros2_pkg/install/unmanned_systems_ros2_pkg/share/unmanned_systems_ros2_pkg/local_setup.dsv
-- Installing: /home/justin/ros2_ws/src/unmanned_systems_ros2_pkg/install/unmanned_systems_ros2_pkg/share/unmanned_systems_ros2_pkg/package.dsv
-- Installing: /home/justin/ros2_ws/src/unmanned_systems_ros2_pkg/install/unmanned_systems_ros2_pkg/share/ament_index/resource_index/packages/unmanned_systems_ros2_pkg
-- Installing: /home/justin/ros2_ws/src/unmanned_systems_ros2_pkg/install/unmanned_systems_ros2_pkg/share/unmanned_systems_ros2_pkg/cmake/unmanned_systems_ros2_pkgConfig.cmake
-- Installing: /home/justin/ros2_ws/src/unmanned_systems_ros2_pkg/install/unmanned_systems_ros2_pkg/share/unmanned_systems_ros2_pkg/cmake/unmanned_systems_ros2_pkgConfig-version.cmake
-- Installing: /home/justin/ros2_ws/src/unmanned_systems_ros2_pkg/install/unmanned_systems_ros2_pkg/share/unmanned_systems_ros2_pkg/package.xml
