[100%] Built target cpp_node
-- Install configuration: ""
-- Up-to-date: /home/justin/ros2_ws/src/unmanned_systems_ros2_pkg/install/unmanned_systems_ros2_pkg/lib/unmanned_systems_ros2_pkg/cpp_node
-- Up-to-date: /home/justin/ros2_ws/src/unmanned_systems_ros2_pkg/install/unmanned_systems_ros2_pkg/share/unmanned_systems_ros2_pkg/environment/pythonpath.sh
-- Up-to-date: /home/justin/ros2_ws/src/unmanned_systems_ros2_pkg/install/unmanned_systems_ros2_pkg/share/unmanned_systems_ros2_pkg/environment/pythonpath.dsv
-- Up-to-date: /home/justin/ros2_ws/src/unmanned_systems_ros2_pkg/install/unmanned_systems_ros2_pkg/lib/python3.8/site-packages/unmanned_systems_ros2_pkg
-- Installing: /home/justin/ros2_ws/src/unmanned_systems_ros2_pkg/install/unmanned_systems_ros2_pkg/lib/python3.8/site-packages/unmanned_systems_ros2_pkg/some_python_module.py
-- Up-to-date: /home/justin/ros2_ws/src/unmanned_systems_ros2_pkg/install/unmanned_systems_ros2_pkg/lib/python3.8/site-packages/unmanned_systems_ros2_pkg/__init__.py
Listing '/home/justin/ros2_ws/src/unmanned_systems_ros2_pkg/install/unmanned_systems_ros2_pkg/lib/python3.8/site-packages/unmanned_systems_ros2_pkg'...
Compiling '/home/justin/ros2_ws/src/unmanned_systems_ros2_pkg/install/unmanned_systems_ros2_pkg/lib/python3.8/site-packages/unmanned_systems_ros2_pkg/some_python_module.py'...
-- Installing: /home/justin/ros2_ws/src/unmanned_systems_ros2_pkg/install/unmanned_systems_ros2_pkg/lib/unmanned_systems_ros2_pkg/python_node.py
-- Up-to-date: /home/justin/ros2_ws/src/unmanned_systems_ros2_pkg/install/unmanned_systems_ros2_pkg/share/ament_index/resource_index/package_run_dependencies/unmanned_systems_ros2_pkg
-- Up-to-date: /home/justin/ros2_ws/src/unmanned_systems_ros2_pkg/install/unmanned_systems_ros2_pkg/share/ament_index/resource_index/parent_prefix_path/unmanned_systems_ros2_pkg
-- Up-to-date: /home/justin/ros2_ws/src/unmanned_systems_ros2_pkg/install/unmanned_systems_ros2_pkg/share/unmanned_systems_ros2_pkg/environment/ament_prefix_path.sh
-- Up-to-date: /home/justin/ros2_ws/src/unmanned_systems_ros2_pkg/install/unmanned_systems_ros2_pkg/share/unmanned_systems_ros2_pkg/environment/ament_prefix_path.dsv
-- Up-to-date: /home/justin/ros2_ws/src/unmanned_systems_ros2_pkg/install/unmanned_systems_ros2_pkg/share/unmanned_systems_ros2_pkg/environment/path.sh
-- Up-to-date: /home/justin/ros2_ws/src/unmanned_systems_ros2_pkg/install/unmanned_systems_ros2_pkg/share/unmanned_systems_ros2_pkg/environment/path.dsv
-- Up-to-date: /home/justin/ros2_ws/src/unmanned_systems_ros2_pkg/install/unmanned_systems_ros2_pkg/share/unmanned_systems_ros2_pkg/local_setup.bash
-- Up-to-date: /home/justin/ros2_ws/src/unmanned_systems_ros2_pkg/install/unmanned_systems_ros2_pkg/share/unmanned_systems_ros2_pkg/local_setup.sh
-- Up-to-date: /home/justin/ros2_ws/src/unmanned_systems_ros2_pkg/install/unmanned_systems_ros2_pkg/share/unmanned_systems_ros2_pkg/local_setup.zsh
-- Up-to-date: /home/justin/ros2_ws/src/unmanned_systems_ros2_pkg/install/unmanned_systems_ros2_pkg/share/unmanned_systems_ros2_pkg/local_setup.dsv
-- Installing: /home/justin/ros2_ws/src/unmanned_systems_ros2_pkg/install/unmanned_systems_ros2_pkg/share/unmanned_systems_ros2_pkg/package.dsv
-- Up-to-date: /home/justin/ros2_ws/src/unmanned_systems_ros2_pkg/install/unmanned_systems_ros2_pkg/share/ament_index/resource_index/packages/unmanned_systems_ros2_pkg
-- Up-to-date: /home/justin/ros2_ws/src/unmanned_systems_ros2_pkg/install/unmanned_systems_ros2_pkg/share/unmanned_systems_ros2_pkg/cmake/unmanned_systems_ros2_pkgConfig.cmake
-- Up-to-date: /home/justin/ros2_ws/src/unmanned_systems_ros2_pkg/install/unmanned_systems_ros2_pkg/share/unmanned_systems_ros2_pkg/cmake/unmanned_systems_ros2_pkgConfig-version.cmake
-- Up-to-date: /home/justin/ros2_ws/src/unmanned_systems_ros2_pkg/install/unmanned_systems_ros2_pkg/share/unmanned_systems_ros2_pkg/package.xml
